<!DOCTYPE html>

<html>
  <head>
  <meta charset='utf-8'>
  <title>TestNG reports</title>

    <link type="text/css" href="testng-reports1.css" rel="stylesheet" id="ultra" />
    <link type="text/css" href="testng-reports.css" rel="stylesheet" id="retro" disabled="false"/>
    <script type="text/javascript" src="jquery-3.4.1.min.js"></script>
    <script type="text/javascript" src="testng-reports.js"></script>
    <script type="text/javascript" src="https://www.google.com/jsapi"></script>
    <script type='text/javascript'>
      google.load('visualization', '1', {packages:['table']});
      google.setOnLoadCallback(drawTable);
      var suiteTableInitFunctions = new Array();
      var suiteTableData = new Array();
    </script>
    <!--
      <script type="text/javascript" src="jquery-ui/js/jquery-ui-1.8.16.custom.min.js"></script>
     -->
  </head>

  <body>
    <div class="top-banner-root">
      <span class="top-banner-title-font">Test results</span>
      <button class="button" id="button">Switch Retro Theme</button> <!-- button -->
      <br/>
      <span class="top-banner-font-1">1 suite, 9 failed tests</span>
    </div> <!-- top-banner-root -->
    <div class="navigator-root">
      <div class="navigator-suite-header">
        <span>All suites</span>
        <a href="#" class="collapse-all-link" title="Collapse/expand all the suites">
          <img class="collapse-all-icon" src="collapseall.gif">
          </img> <!-- collapse-all-icon -->
        </a> <!-- collapse-all-link -->
      </div> <!-- navigator-suite-header -->
      <div class="suite">
        <div class="rounded-window">
          <div class="suite-header light-rounded-window-top">
            <a href="#" class="navigator-link" panel-name="suite-CrossbrowserTesting_suite">
              <span class="suite-name border-failed">CrossbrowserTesting suite</span>
            </a> <!-- navigator-link -->
          </div> <!-- suite-header light-rounded-window-top -->
          <div class="navigator-suite-content">
            <div class="suite-section-title">
              <span>Info</span>
            </div> <!-- suite-section-title -->
            <div class="suite-section-content">
              <ul>
                <li>
                  <a href="#" class="navigator-link " panel-name="test-xml-CrossbrowserTesting_suite">
                    <span>D:\SampleProject\SeleniumBatch2\ParallelTests.xml</span>
                  </a> <!-- navigator-link  -->
                </li>
                <li>
                  <a href="#" class="navigator-link " panel-name="testlist-CrossbrowserTesting_suite">
                    <span class="test-stats">3 tests</span>
                  </a> <!-- navigator-link  -->
                </li>
                <li>
                  <a href="#" class="navigator-link " panel-name="group-CrossbrowserTesting_suite">
                    <span>0 groups</span>
                  </a> <!-- navigator-link  -->
                </li>
                <li>
                  <a href="#" class="navigator-link " panel-name="times-CrossbrowserTesting_suite">
                    <span>Times</span>
                  </a> <!-- navigator-link  -->
                </li>
                <li>
                  <a href="#" class="navigator-link " panel-name="reporter-CrossbrowserTesting_suite">
                    <span>Reporter output</span>
                  </a> <!-- navigator-link  -->
                </li>
                <li>
                  <a href="#" class="navigator-link " panel-name="ignored-methods-CrossbrowserTesting_suite">
                    <span>Ignored methods</span>
                  </a> <!-- navigator-link  -->
                </li>
                <li>
                  <a href="#" class="navigator-link " panel-name="chronological-CrossbrowserTesting_suite">
                    <span>Chronological view</span>
                  </a> <!-- navigator-link  -->
                </li>
              </ul>
            </div> <!-- suite-section-content -->
            <div class="result-section">
              <div class="suite-section-title">
                <span>Results</span>
              </div> <!-- suite-section-title -->
              <div class="suite-section-content">
                <ul>
                  <li>
                    <span class="method-stats">15 methods, 9 failed,   6 passed</span>
                  </li>
                  <li>
                    <span class="method-list-title failed">Failed methods</span>
                    <span class="show-or-hide-methods failed">
                      <a href="#" panel-name="suite-CrossbrowserTesting_suite" class="hide-methods failed suite-CrossbrowserTesting_suite"> (hide)</a> <!-- hide-methods failed suite-CrossbrowserTesting_suite -->
                      <a href="#" panel-name="suite-CrossbrowserTesting_suite" class="show-methods failed suite-CrossbrowserTesting_suite"> (show)</a> <!-- show-methods failed suite-CrossbrowserTesting_suite -->
                    </span>
                    <div class="method-list-content failed suite-CrossbrowserTesting_suite">
                      <span>
                        <img width="3%" src="failed.png"/>
                        <a href="#" class="method navigator-link" panel-name="suite-CrossbrowserTesting_suite" title="testNG_Parallel.DataDrivenTesting" hash-for-method="DataDrivenTestingExample">DataDrivenTestingExample</a> <!-- method navigator-link -->
                      </span>
                      <br/>
                      <span>
                        <img width="3%" src="failed.png"/>
                        <a href="#" class="method navigator-link" panel-name="suite-CrossbrowserTesting_suite" title="testNG_Parallel.DataProviderTest" hash-for-method="Dataprovider_Test(Bhupesh, USA)">Dataprovider_Test(Bhupesh, USA)</a> <!-- method navigator-link -->
                      </span>
                      <br/>
                      <span>
                        <img width="3%" src="failed.png"/>
                        <a href="#" class="method navigator-link" panel-name="suite-CrossbrowserTesting_suite" title="testNG_Parallel.DataProviderTest" hash-for-method="Dataprovider_Test(Krishna, UK)">Dataprovider_Test(Krishna, UK)</a> <!-- method navigator-link -->
                      </span>
                      <br/>
                      <span>
                        <img width="3%" src="failed.png"/>
                        <a href="#" class="method navigator-link" panel-name="suite-CrossbrowserTesting_suite" title="testNG_Parallel.DataProviderTest" hash-for-method="Dataprovider_Test(Guru99, India)">Dataprovider_Test(Guru99, India)</a> <!-- method navigator-link -->
                      </span>
                      <br/>
                      <span>
                        <img width="3%" src="failed.png"/>
                        <a href="#" class="method navigator-link" panel-name="suite-CrossbrowserTesting_suite" title="testNG_Parallel.DataProviderTest" hash-for-method="Dataprovider_Test(Krishna, UK)">Dataprovider_Test(Krishna, UK)</a> <!-- method navigator-link -->
                      </span>
                      <br/>
                      <span>
                        <img width="3%" src="failed.png"/>
                        <a href="#" class="method navigator-link" panel-name="suite-CrossbrowserTesting_suite" title="testNG_Parallel.DataProviderTest" hash-for-method="Dataprovider_Test(Bhupesh, USA)">Dataprovider_Test(Bhupesh, USA)</a> <!-- method navigator-link -->
                      </span>
                      <br/>
                      <span>
                        <img width="3%" src="failed.png"/>
                        <a href="#" class="method navigator-link" panel-name="suite-CrossbrowserTesting_suite" title="testNG_Parallel.FirstTestNGProg" hash-for-method="Linkedin_test">Linkedin_test</a> <!-- method navigator-link -->
                      </span>
                      <br/>
                      <span>
                        <img width="3%" src="failed.png"/>
                        <a href="#" class="method navigator-link" panel-name="suite-CrossbrowserTesting_suite" title="testNG_Parallel.FirstTestNGProg" hash-for-method="Linkedin_test">Linkedin_test</a> <!-- method navigator-link -->
                      </span>
                      <br/>
                      <span>
                        <img width="3%" src="failed.png"/>
                        <a href="#" class="method navigator-link" panel-name="suite-CrossbrowserTesting_suite" title="testNG_Parallel.FirstTestNGProg" hash-for-method="Linkedin_test">Linkedin_test</a> <!-- method navigator-link -->
                      </span>
                      <br/>
                    </div> <!-- method-list-content failed suite-CrossbrowserTesting_suite -->
                  </li>
                  <li>
                    <span class="method-list-title passed">Passed methods</span>
                    <span class="show-or-hide-methods passed">
                      <a href="#" panel-name="suite-CrossbrowserTesting_suite" class="hide-methods passed suite-CrossbrowserTesting_suite"> (hide)</a> <!-- hide-methods passed suite-CrossbrowserTesting_suite -->
                      <a href="#" panel-name="suite-CrossbrowserTesting_suite" class="show-methods passed suite-CrossbrowserTesting_suite"> (show)</a> <!-- show-methods passed suite-CrossbrowserTesting_suite -->
                    </span>
                    <div class="method-list-content passed suite-CrossbrowserTesting_suite">
                      <span>
                        <img width="3%" src="passed.png"/>
                        <a href="#" class="method navigator-link" panel-name="suite-CrossbrowserTesting_suite" title="testNG_Parallel.DataDrivenTesting" hash-for-method="DataDrivenTestingExample">DataDrivenTestingExample</a> <!-- method navigator-link -->
                      </span>
                      <br/>
                      <span>
                        <img width="3%" src="passed.png"/>
                        <a href="#" class="method navigator-link" panel-name="suite-CrossbrowserTesting_suite" title="testNG_Parallel.DataDrivenTesting" hash-for-method="DataDrivenTestingExample">DataDrivenTestingExample</a> <!-- method navigator-link -->
                      </span>
                      <br/>
                      <span>
                        <img width="3%" src="passed.png"/>
                        <a href="#" class="method navigator-link" panel-name="suite-CrossbrowserTesting_suite" title="testNG_Parallel.DataProviderTest" hash-for-method="Dataprovider_Test(Krishna, UK)">Dataprovider_Test(Krishna, UK)</a> <!-- method navigator-link -->
                      </span>
                      <br/>
                      <span>
                        <img width="3%" src="passed.png"/>
                        <a href="#" class="method navigator-link" panel-name="suite-CrossbrowserTesting_suite" title="testNG_Parallel.DataProviderTest" hash-for-method="Dataprovider_Test(Guru99, India)">Dataprovider_Test(Guru99, India)</a> <!-- method navigator-link -->
                      </span>
                      <br/>
                      <span>
                        <img width="3%" src="passed.png"/>
                        <a href="#" class="method navigator-link" panel-name="suite-CrossbrowserTesting_suite" title="testNG_Parallel.DataProviderTest" hash-for-method="Dataprovider_Test(Bhupesh, USA)">Dataprovider_Test(Bhupesh, USA)</a> <!-- method navigator-link -->
                      </span>
                      <br/>
                      <span>
                        <img width="3%" src="passed.png"/>
                        <a href="#" class="method navigator-link" panel-name="suite-CrossbrowserTesting_suite" title="testNG_Parallel.DataProviderTest" hash-for-method="Dataprovider_Test(Guru99, India)">Dataprovider_Test(Guru99, India)</a> <!-- method navigator-link -->
                      </span>
                      <br/>
                    </div> <!-- method-list-content passed suite-CrossbrowserTesting_suite -->
                  </li>
                </ul>
              </div> <!-- suite-section-content -->
            </div> <!-- result-section -->
          </div> <!-- navigator-suite-content -->
        </div> <!-- rounded-window -->
      </div> <!-- suite -->
    </div> <!-- navigator-root -->
    <div class="wrapper">
      <div class="main-panel-root">
        <div panel-name="suite-CrossbrowserTesting_suite" class="panel CrossbrowserTesting_suite">
          <div class="suite-CrossbrowserTesting_suite-class-failed">
            <div class="main-panel-header rounded-window-top">
              <img src="failed.png"/>
              <span class="class-name">testNG_Parallel.DataProviderTest</span>
            </div> <!-- main-panel-header rounded-window-top -->
            <div class="main-panel-content rounded-window-bottom">
              <div class="method">
                <div class="method-content">
                  <a name="Dataprovider_Test(Bhupesh, USA)">
                  </a> <!-- Dataprovider_Test(Bhupesh, USA) -->
                  <span class="method-name">Dataprovider_Test</span>
                  <span class="parameters">(Bhupesh, USA)</span>
                  <div class="stack-trace">org.openqa.selenium.NoSuchSessionException: Session ID is null. Using WebDriver after calling quit()?
Build info: version: &apos;3.141.59&apos;, revision: &apos;e82be7d358&apos;, time: &apos;2018-11-14T08:25:48&apos;
System info: host: &apos;DESKTOP-E8R6GVD&apos;, ip: &apos;192.168.1.7&apos;, os.name: &apos;Windows 10&apos;, os.arch: &apos;amd64&apos;, os.version: &apos;10.0&apos;, java.version: &apos;1.8.0_281&apos;
Driver info: driver.version: RemoteWebDriver
	at org.openqa.selenium.remote.HttpCommandExecutor.execute(HttpCommandExecutor.java:125)
	at org.openqa.selenium.remote.service.DriverCommandExecutor.execute(DriverCommandExecutor.java:83)
	at org.openqa.selenium.remote.RemoteWebDriver.execute(RemoteWebDriver.java:552)
	at org.openqa.selenium.remote.RemoteWebDriver.get(RemoteWebDriver.java:277)
	at testNG_Parallel.DataProviderTest.Dataprovider_Test(DataProviderTest.java:16)
	at java.util.ArrayList.forEach(ArrayList.java:1259)
	at java.util.concurrent.FutureTask.run(FutureTask.java:266)
	at java.util.concurrent.ThreadPoolExecutor.runWorker(ThreadPoolExecutor.java:1149)
	at java.util.concurrent.ThreadPoolExecutor$Worker.run(ThreadPoolExecutor.java:624)
	at java.lang.Thread.run(Thread.java:748)
... Removed 18 stack frames
</div> <!-- stack-trace -->
                </div> <!-- method-content -->
              </div> <!-- method -->
              <div class="method">
                <div class="method-content">
                  <a name="Dataprovider_Test(Krishna, UK)">
                  </a> <!-- Dataprovider_Test(Krishna, UK) -->
                  <span class="method-name">Dataprovider_Test</span>
                  <span class="parameters">(Krishna, UK)</span>
                  <div class="stack-trace">org.openqa.selenium.NoSuchSessionException: Session ID is null. Using WebDriver after calling quit()?
Build info: version: &apos;3.141.59&apos;, revision: &apos;e82be7d358&apos;, time: &apos;2018-11-14T08:25:48&apos;
System info: host: &apos;DESKTOP-E8R6GVD&apos;, ip: &apos;192.168.1.7&apos;, os.name: &apos;Windows 10&apos;, os.arch: &apos;amd64&apos;, os.version: &apos;10.0&apos;, java.version: &apos;1.8.0_281&apos;
Driver info: driver.version: RemoteWebDriver
	at org.openqa.selenium.remote.HttpCommandExecutor.execute(HttpCommandExecutor.java:125)
	at org.openqa.selenium.remote.service.DriverCommandExecutor.execute(DriverCommandExecutor.java:83)
	at org.openqa.selenium.remote.RemoteWebDriver.execute(RemoteWebDriver.java:552)
	at org.openqa.selenium.remote.RemoteWebDriver.findElement(RemoteWebDriver.java:323)
	at org.openqa.selenium.remote.RemoteWebDriver.findElementByXPath(RemoteWebDriver.java:428)
	at org.openqa.selenium.By$ByXPath.findElement(By.java:353)
	at org.openqa.selenium.remote.RemoteWebDriver.findElement(RemoteWebDriver.java:315)
	at org.openqa.selenium.support.pagefactory.DefaultElementLocator.findElement(DefaultElementLocator.java:69)
	at org.openqa.selenium.support.pagefactory.internal.LocatingElementHandler.invoke(LocatingElementHandler.java:38)
	at com.sun.proxy.$Proxy11.clear(Unknown Source)
	at testNG_Parallel.DataProviderTest.Dataprovider_Test(DataProviderTest.java:20)
	at java.util.ArrayList.forEach(ArrayList.java:1259)
	at java.util.concurrent.FutureTask.run(FutureTask.java:266)
	at java.util.concurrent.ThreadPoolExecutor.runWorker(ThreadPoolExecutor.java:1149)
	at java.util.concurrent.ThreadPoolExecutor$Worker.run(ThreadPoolExecutor.java:624)
	at java.lang.Thread.run(Thread.java:748)
... Removed 18 stack frames
</div> <!-- stack-trace -->
                </div> <!-- method-content -->
              </div> <!-- method -->
              <div class="method">
                <div class="method-content">
                  <a name="Dataprovider_Test(Guru99, India)">
                  </a> <!-- Dataprovider_Test(Guru99, India) -->
                  <span class="method-name">Dataprovider_Test</span>
                  <span class="parameters">(Guru99, India)</span>
                  <div class="stack-trace">org.openqa.selenium.NoSuchElementException: Unable to locate element: //button[text()=&apos;Log In&apos;]
For documentation on this error, please visit: https://www.seleniumhq.org/exceptions/no_such_element.html
Build info: version: &apos;3.141.59&apos;, revision: &apos;e82be7d358&apos;, time: &apos;2018-11-14T08:25:48&apos;
System info: host: &apos;DESKTOP-E8R6GVD&apos;, ip: &apos;192.168.1.7&apos;, os.name: &apos;Windows 10&apos;, os.arch: &apos;amd64&apos;, os.version: &apos;10.0&apos;, java.version: &apos;1.8.0_281&apos;
Driver info: org.openqa.selenium.firefox.FirefoxDriver
Capabilities {acceptInsecureCerts: true, browserName: firefox, browserVersion: 89.0, javascriptEnabled: true, moz:accessibilityChecks: false, moz:buildID: 20210520185752, moz:geckodriverVersion: 0.29.1, moz:headless: false, moz:processID: 8748, moz:profile: C:\Users\ACER\AppData\Local..., moz:shutdownTimeout: 60000, moz:useNonSpecCompliantPointerOrigin: false, moz:webdriverClick: true, pageLoadStrategy: normal, platform: WINDOWS, platformName: WINDOWS, platformVersion: 10.0, setWindowRect: true, strictFileInteractability: false, timeouts: {implicit: 0, pageLoad: 300000, script: 30000}, unhandledPromptBehavior: dismiss and notify}
Session ID: 77291b7d-c6ed-491a-8f5b-23c307c27904
*** Element info: {Using=xpath, value=//button[text()=&apos;Log In&apos;]}
	at org.openqa.selenium.remote.http.W3CHttpResponseCodec.createException(W3CHttpResponseCodec.java:187)
	at org.openqa.selenium.remote.http.W3CHttpResponseCodec.decode(W3CHttpResponseCodec.java:122)
	at org.openqa.selenium.remote.http.W3CHttpResponseCodec.decode(W3CHttpResponseCodec.java:49)
	at org.openqa.selenium.remote.HttpCommandExecutor.execute(HttpCommandExecutor.java:158)
	at org.openqa.selenium.remote.service.DriverCommandExecutor.execute(DriverCommandExecutor.java:83)
	at org.openqa.selenium.remote.RemoteWebDriver.execute(RemoteWebDriver.java:552)
	at org.openqa.selenium.remote.RemoteWebDriver.findElement(RemoteWebDriver.java:323)
	at org.openqa.selenium.remote.RemoteWebDriver.findElementByXPath(RemoteWebDriver.java:428)
	at org.openqa.selenium.By$ByXPath.findElement(By.java:353)
	at org.openqa.selenium.remote.RemoteWebDriver.findElement(RemoteWebDriver.java:315)
	at org.openqa.selenium.support.pagefactory.DefaultElementLocator.findElement(DefaultElementLocator.java:69)
	at org.openqa.selenium.support.pagefactory.internal.LocatingElementHandler.invoke(LocatingElementHandler.java:38)
	at com.sun.proxy.$Proxy11.click(Unknown Source)
	at testNG_Parallel.DataProviderTest.Dataprovider_Test(DataProviderTest.java:25)
	at java.util.ArrayList.forEach(ArrayList.java:1259)
	at java.util.concurrent.FutureTask.run(FutureTask.java:266)
	at java.util.concurrent.ThreadPoolExecutor.runWorker(ThreadPoolExecutor.java:1149)
	at java.util.concurrent.ThreadPoolExecutor$Worker.run(ThreadPoolExecutor.java:624)
	at java.lang.Thread.run(Thread.java:748)
... Removed 22 stack frames
</div> <!-- stack-trace -->
                </div> <!-- method-content -->
              </div> <!-- method -->
              <div class="method">
                <div class="method-content">
                  <a name="Dataprovider_Test(Krishna, UK)">
                  </a> <!-- Dataprovider_Test(Krishna, UK) -->
                  <span class="method-name">Dataprovider_Test</span>
                  <span class="parameters">(Krishna, UK)</span>
                  <div class="stack-trace">org.openqa.selenium.NoSuchSessionException: Session ID is null. Using WebDriver after calling quit()?
Build info: version: &apos;3.141.59&apos;, revision: &apos;e82be7d358&apos;, time: &apos;2018-11-14T08:25:48&apos;
System info: host: &apos;DESKTOP-E8R6GVD&apos;, ip: &apos;192.168.1.7&apos;, os.name: &apos;Windows 10&apos;, os.arch: &apos;amd64&apos;, os.version: &apos;10.0&apos;, java.version: &apos;1.8.0_281&apos;
Driver info: driver.version: RemoteWebDriver
	at org.openqa.selenium.remote.HttpCommandExecutor.execute(HttpCommandExecutor.java:125)
	at org.openqa.selenium.remote.service.DriverCommandExecutor.execute(DriverCommandExecutor.java:83)
	at org.openqa.selenium.remote.RemoteWebDriver.execute(RemoteWebDriver.java:552)
	at org.openqa.selenium.remote.RemoteWebDriver.findElement(RemoteWebDriver.java:323)
	at org.openqa.selenium.remote.RemoteWebDriver.findElementByXPath(RemoteWebDriver.java:428)
	at org.openqa.selenium.By$ByXPath.findElement(By.java:353)
	at org.openqa.selenium.remote.RemoteWebDriver.findElement(RemoteWebDriver.java:315)
	at org.openqa.selenium.support.pagefactory.DefaultElementLocator.findElement(DefaultElementLocator.java:69)
	at org.openqa.selenium.support.pagefactory.internal.LocatingElementHandler.invoke(LocatingElementHandler.java:38)
	at com.sun.proxy.$Proxy11.clear(Unknown Source)
	at testNG_Parallel.DataProviderTest.Dataprovider_Test(DataProviderTest.java:20)
	at java.util.ArrayList.forEach(ArrayList.java:1259)
	at java.util.concurrent.FutureTask.run(FutureTask.java:266)
	at java.util.concurrent.ThreadPoolExecutor.runWorker(ThreadPoolExecutor.java:1149)
	at java.util.concurrent.ThreadPoolExecutor$Worker.run(ThreadPoolExecutor.java:624)
	at java.lang.Thread.run(Thread.java:748)
... Removed 18 stack frames
</div> <!-- stack-trace -->
                </div> <!-- method-content -->
              </div> <!-- method -->
              <div class="method">
                <div class="method-content">
                  <a name="Dataprovider_Test(Bhupesh, USA)">
                  </a> <!-- Dataprovider_Test(Bhupesh, USA) -->
                  <span class="method-name">Dataprovider_Test</span>
                  <span class="parameters">(Bhupesh, USA)</span>
                  <div class="stack-trace">org.openqa.selenium.NoSuchSessionException: Session ID is null. Using WebDriver after calling quit()?
Build info: version: &apos;3.141.59&apos;, revision: &apos;e82be7d358&apos;, time: &apos;2018-11-14T08:25:48&apos;
System info: host: &apos;DESKTOP-E8R6GVD&apos;, ip: &apos;192.168.1.7&apos;, os.name: &apos;Windows 10&apos;, os.arch: &apos;amd64&apos;, os.version: &apos;10.0&apos;, java.version: &apos;1.8.0_281&apos;
Driver info: driver.version: RemoteWebDriver
	at org.openqa.selenium.remote.HttpCommandExecutor.execute(HttpCommandExecutor.java:125)
	at org.openqa.selenium.remote.service.DriverCommandExecutor.execute(DriverCommandExecutor.java:83)
	at org.openqa.selenium.remote.RemoteWebDriver.execute(RemoteWebDriver.java:552)
	at org.openqa.selenium.remote.RemoteWebDriver.get(RemoteWebDriver.java:277)
	at testNG_Parallel.DataProviderTest.Dataprovider_Test(DataProviderTest.java:16)
	at java.util.ArrayList.forEach(ArrayList.java:1259)
	at java.util.concurrent.FutureTask.run(FutureTask.java:266)
	at java.util.concurrent.ThreadPoolExecutor.runWorker(ThreadPoolExecutor.java:1149)
	at java.util.concurrent.ThreadPoolExecutor$Worker.run(ThreadPoolExecutor.java:624)
	at java.lang.Thread.run(Thread.java:748)
... Removed 18 stack frames
</div> <!-- stack-trace -->
                </div> <!-- method-content -->
              </div> <!-- method -->
            </div> <!-- main-panel-content rounded-window-bottom -->
          </div> <!-- suite-CrossbrowserTesting_suite-class-failed -->
          <div class="suite-CrossbrowserTesting_suite-class-failed">
            <div class="main-panel-header rounded-window-top">
              <img src="failed.png"/>
              <span class="class-name">testNG_Parallel.FirstTestNGProg</span>
            </div> <!-- main-panel-header rounded-window-top -->
            <div class="main-panel-content rounded-window-bottom">
              <div class="method">
                <div class="method-content">
                  <a name="Linkedin_test">
                  </a> <!-- Linkedin_test -->
                  <span class="method-name">Linkedin_test</span>
                  <div class="stack-trace">org.openqa.selenium.NoSuchElementException: Unable to locate element: #session_key
For documentation on this error, please visit: https://www.seleniumhq.org/exceptions/no_such_element.html
Build info: version: &apos;3.141.59&apos;, revision: &apos;e82be7d358&apos;, time: &apos;2018-11-14T08:25:48&apos;
System info: host: &apos;DESKTOP-E8R6GVD&apos;, ip: &apos;192.168.1.7&apos;, os.name: &apos;Windows 10&apos;, os.arch: &apos;amd64&apos;, os.version: &apos;10.0&apos;, java.version: &apos;1.8.0_281&apos;
Driver info: org.openqa.selenium.firefox.FirefoxDriver
Capabilities {acceptInsecureCerts: true, browserName: firefox, browserVersion: 89.0, javascriptEnabled: true, moz:accessibilityChecks: false, moz:buildID: 20210520185752, moz:geckodriverVersion: 0.29.1, moz:headless: false, moz:processID: 8748, moz:profile: C:\Users\ACER\AppData\Local..., moz:shutdownTimeout: 60000, moz:useNonSpecCompliantPointerOrigin: false, moz:webdriverClick: true, pageLoadStrategy: normal, platform: WINDOWS, platformName: WINDOWS, platformVersion: 10.0, setWindowRect: true, strictFileInteractability: false, timeouts: {implicit: 0, pageLoad: 300000, script: 30000}, unhandledPromptBehavior: dismiss and notify}
Session ID: 77291b7d-c6ed-491a-8f5b-23c307c27904
*** Element info: {Using=id, value=session_key}
	at org.openqa.selenium.remote.http.W3CHttpResponseCodec.createException(W3CHttpResponseCodec.java:187)
	at org.openqa.selenium.remote.http.W3CHttpResponseCodec.decode(W3CHttpResponseCodec.java:122)
	at org.openqa.selenium.remote.http.W3CHttpResponseCodec.decode(W3CHttpResponseCodec.java:49)
	at org.openqa.selenium.remote.HttpCommandExecutor.execute(HttpCommandExecutor.java:158)
	at org.openqa.selenium.remote.service.DriverCommandExecutor.execute(DriverCommandExecutor.java:83)
	at org.openqa.selenium.remote.RemoteWebDriver.execute(RemoteWebDriver.java:552)
	at org.openqa.selenium.remote.RemoteWebDriver.findElement(RemoteWebDriver.java:323)
	at org.openqa.selenium.remote.RemoteWebDriver.findElementById(RemoteWebDriver.java:372)
	at org.openqa.selenium.By$ById.findElement(By.java:188)
	at org.openqa.selenium.remote.RemoteWebDriver.findElement(RemoteWebDriver.java:315)
	at org.openqa.selenium.support.pagefactory.DefaultElementLocator.findElement(DefaultElementLocator.java:69)
	at org.openqa.selenium.support.pagefactory.internal.LocatingElementHandler.invoke(LocatingElementHandler.java:38)
	at com.sun.proxy.$Proxy11.sendKeys(Unknown Source)
	at testNG_OR.LoginPage_OR.Logintest(LoginPage_OR.java:21)
	at testNG_Parallel.FirstTestNGProg.Linkedin_test(FirstTestNGProg.java:20)
	at java.util.ArrayList.forEach(ArrayList.java:1259)
	at java.util.concurrent.FutureTask.run(FutureTask.java:266)
	at java.util.concurrent.ThreadPoolExecutor.runWorker(ThreadPoolExecutor.java:1149)
	at java.util.concurrent.ThreadPoolExecutor$Worker.run(ThreadPoolExecutor.java:624)
	at java.lang.Thread.run(Thread.java:748)
... Removed 22 stack frames
</div> <!-- stack-trace -->
                </div> <!-- method-content -->
              </div> <!-- method -->
              <div class="method">
                <div class="method-content">
                  <a name="Linkedin_test">
                  </a> <!-- Linkedin_test -->
                  <span class="method-name">Linkedin_test</span>
                  <div class="stack-trace">org.openqa.selenium.NoSuchSessionException: Session ID is null. Using WebDriver after calling quit()?
Build info: version: &apos;3.141.59&apos;, revision: &apos;e82be7d358&apos;, time: &apos;2018-11-14T08:25:48&apos;
System info: host: &apos;DESKTOP-E8R6GVD&apos;, ip: &apos;192.168.1.7&apos;, os.name: &apos;Windows 10&apos;, os.arch: &apos;amd64&apos;, os.version: &apos;10.0&apos;, java.version: &apos;1.8.0_281&apos;
Driver info: driver.version: RemoteWebDriver
	at org.openqa.selenium.remote.HttpCommandExecutor.execute(HttpCommandExecutor.java:125)
	at org.openqa.selenium.remote.service.DriverCommandExecutor.execute(DriverCommandExecutor.java:83)
	at org.openqa.selenium.remote.RemoteWebDriver.execute(RemoteWebDriver.java:552)
	at org.openqa.selenium.remote.RemoteWebDriver.get(RemoteWebDriver.java:277)
	at testNG_Parallel.FirstTestNGProg.Linkedin_test(FirstTestNGProg.java:18)
	at java.util.ArrayList.forEach(ArrayList.java:1259)
	at java.util.concurrent.FutureTask.run(FutureTask.java:266)
	at java.util.concurrent.ThreadPoolExecutor.runWorker(ThreadPoolExecutor.java:1149)
	at java.util.concurrent.ThreadPoolExecutor$Worker.run(ThreadPoolExecutor.java:624)
	at java.lang.Thread.run(Thread.java:748)
... Removed 18 stack frames
</div> <!-- stack-trace -->
                </div> <!-- method-content -->
              </div> <!-- method -->
              <div class="method">
                <div class="method-content">
                  <a name="Linkedin_test">
                  </a> <!-- Linkedin_test -->
                  <span class="method-name">Linkedin_test</span>
                  <div class="stack-trace">org.openqa.selenium.NoSuchSessionException: Session ID is null. Using WebDriver after calling quit()?
Build info: version: &apos;3.141.59&apos;, revision: &apos;e82be7d358&apos;, time: &apos;2018-11-14T08:25:48&apos;
System info: host: &apos;DESKTOP-E8R6GVD&apos;, ip: &apos;192.168.1.7&apos;, os.name: &apos;Windows 10&apos;, os.arch: &apos;amd64&apos;, os.version: &apos;10.0&apos;, java.version: &apos;1.8.0_281&apos;
Driver info: driver.version: RemoteWebDriver
	at org.openqa.selenium.remote.HttpCommandExecutor.execute(HttpCommandExecutor.java:125)
	at org.openqa.selenium.remote.service.DriverCommandExecutor.execute(DriverCommandExecutor.java:83)
	at org.openqa.selenium.remote.RemoteWebDriver.execute(RemoteWebDriver.java:552)
	at org.openqa.selenium.remote.RemoteWebDriver.get(RemoteWebDriver.java:277)
	at testNG_Parallel.FirstTestNGProg.Linkedin_test(FirstTestNGProg.java:18)
	at java.util.ArrayList.forEach(ArrayList.java:1259)
	at java.util.concurrent.FutureTask.run(FutureTask.java:266)
	at java.util.concurrent.ThreadPoolExecutor.runWorker(ThreadPoolExecutor.java:1149)
	at java.util.concurrent.ThreadPoolExecutor$Worker.run(ThreadPoolExecutor.java:624)
	at java.lang.Thread.run(Thread.java:748)
... Removed 18 stack frames
</div> <!-- stack-trace -->
                </div> <!-- method-content -->
              </div> <!-- method -->
            </div> <!-- main-panel-content rounded-window-bottom -->
          </div> <!-- suite-CrossbrowserTesting_suite-class-failed -->
          <div class="suite-CrossbrowserTesting_suite-class-failed">
            <div class="main-panel-header rounded-window-top">
              <img src="failed.png"/>
              <span class="class-name">testNG_Parallel.DataDrivenTesting</span>
            </div> <!-- main-panel-header rounded-window-top -->
            <div class="main-panel-content rounded-window-bottom">
              <div class="method">
                <div class="method-content">
                  <a name="DataDrivenTestingExample">
                  </a> <!-- DataDrivenTestingExample -->
                  <span class="method-name">DataDrivenTestingExample</span>
                  <div class="stack-trace">org.openqa.selenium.StaleElementReferenceException: The element reference of &lt;button id=&quot;u_0_d_gH&quot; class=&quot;_42ft _4jy0 _6lth _4jy6 _4jy1 selected _51sy _42fr&quot; name=&quot;login&quot; type=&quot;submit&quot;&gt; is stale; either the element is no longer attached to the DOM, it is not in the current frame context, or the document has been refreshed
For documentation on this error, please visit: https://www.seleniumhq.org/exceptions/stale_element_reference.html
Build info: version: &apos;3.141.59&apos;, revision: &apos;e82be7d358&apos;, time: &apos;2018-11-14T08:25:48&apos;
System info: host: &apos;DESKTOP-E8R6GVD&apos;, ip: &apos;192.168.1.7&apos;, os.name: &apos;Windows 10&apos;, os.arch: &apos;amd64&apos;, os.version: &apos;10.0&apos;, java.version: &apos;1.8.0_281&apos;
Driver info: org.openqa.selenium.firefox.FirefoxDriver
Capabilities {acceptInsecureCerts: true, browserName: firefox, browserVersion: 89.0, javascriptEnabled: true, moz:accessibilityChecks: false, moz:buildID: 20210520185752, moz:geckodriverVersion: 0.29.1, moz:headless: false, moz:processID: 8748, moz:profile: C:\Users\ACER\AppData\Local..., moz:shutdownTimeout: 60000, moz:useNonSpecCompliantPointerOrigin: false, moz:webdriverClick: true, pageLoadStrategy: normal, platform: WINDOWS, platformName: WINDOWS, platformVersion: 10.0, setWindowRect: true, strictFileInteractability: false, timeouts: {implicit: 0, pageLoad: 300000, script: 30000}, unhandledPromptBehavior: dismiss and notify}
Session ID: 77291b7d-c6ed-491a-8f5b-23c307c27904
	at org.openqa.selenium.remote.http.W3CHttpResponseCodec.createException(W3CHttpResponseCodec.java:187)
	at org.openqa.selenium.remote.http.W3CHttpResponseCodec.decode(W3CHttpResponseCodec.java:122)
	at org.openqa.selenium.remote.http.W3CHttpResponseCodec.decode(W3CHttpResponseCodec.java:49)
	at org.openqa.selenium.remote.HttpCommandExecutor.execute(HttpCommandExecutor.java:158)
	at org.openqa.selenium.remote.service.DriverCommandExecutor.execute(DriverCommandExecutor.java:83)
	at org.openqa.selenium.remote.RemoteWebDriver.execute(RemoteWebDriver.java:552)
	at org.openqa.selenium.remote.RemoteWebElement.execute(RemoteWebElement.java:285)
	at org.openqa.selenium.remote.RemoteWebElement.click(RemoteWebElement.java:84)
	at testNG_Parallel.DataDrivenTesting.DataDrivenTestingExample(DataDrivenTesting.java:62)
	at java.util.ArrayList.forEach(ArrayList.java:1259)
	at java.util.concurrent.FutureTask.run(FutureTask.java:266)
	at java.util.concurrent.ThreadPoolExecutor.runWorker(ThreadPoolExecutor.java:1149)
	at java.util.concurrent.ThreadPoolExecutor$Worker.run(ThreadPoolExecutor.java:624)
	at java.lang.Thread.run(Thread.java:748)
... Removed 22 stack frames
</div> <!-- stack-trace -->
                </div> <!-- method-content -->
              </div> <!-- method -->
            </div> <!-- main-panel-content rounded-window-bottom -->
          </div> <!-- suite-CrossbrowserTesting_suite-class-failed -->
          <div class="suite-CrossbrowserTesting_suite-class-passed">
            <div class="main-panel-header rounded-window-top">
              <img src="passed.png"/>
              <span class="class-name">testNG_Parallel.DataProviderTest</span>
            </div> <!-- main-panel-header rounded-window-top -->
            <div class="main-panel-content rounded-window-bottom">
              <div class="method">
                <div class="method-content">
                  <a name="Dataprovider_Test(Krishna, UK)">
                  </a> <!-- Dataprovider_Test(Krishna, UK) -->
                  <span class="method-name">Dataprovider_Test</span>
                  <span class="parameters">(Krishna, UK)</span>
                </div> <!-- method-content -->
              </div> <!-- method -->
              <div class="method">
                <div class="method-content">
                  <a name="Dataprovider_Test(Guru99, India)">
                  </a> <!-- Dataprovider_Test(Guru99, India) -->
                  <span class="method-name">Dataprovider_Test</span>
                  <span class="parameters">(Guru99, India)</span>
                </div> <!-- method-content -->
              </div> <!-- method -->
              <div class="method">
                <div class="method-content">
                  <a name="Dataprovider_Test(Bhupesh, USA)">
                  </a> <!-- Dataprovider_Test(Bhupesh, USA) -->
                  <span class="method-name">Dataprovider_Test</span>
                  <span class="parameters">(Bhupesh, USA)</span>
                </div> <!-- method-content -->
              </div> <!-- method -->
              <div class="method">
                <div class="method-content">
                  <a name="Dataprovider_Test(Guru99, India)">
                  </a> <!-- Dataprovider_Test(Guru99, India) -->
                  <span class="method-name">Dataprovider_Test</span>
                  <span class="parameters">(Guru99, India)</span>
                </div> <!-- method-content -->
              </div> <!-- method -->
            </div> <!-- main-panel-content rounded-window-bottom -->
          </div> <!-- suite-CrossbrowserTesting_suite-class-passed -->
          <div class="suite-CrossbrowserTesting_suite-class-passed">
            <div class="main-panel-header rounded-window-top">
              <img src="passed.png"/>
              <span class="class-name">testNG_Parallel.DataDrivenTesting</span>
            </div> <!-- main-panel-header rounded-window-top -->
            <div class="main-panel-content rounded-window-bottom">
              <div class="method">
                <div class="method-content">
                  <a name="DataDrivenTestingExample">
                  </a> <!-- DataDrivenTestingExample -->
                  <span class="method-name">DataDrivenTestingExample</span>
                </div> <!-- method-content -->
              </div> <!-- method -->
              <div class="method">
                <div class="method-content">
                  <a name="DataDrivenTestingExample">
                  </a> <!-- DataDrivenTestingExample -->
                  <span class="method-name">DataDrivenTestingExample</span>
                </div> <!-- method-content -->
              </div> <!-- method -->
            </div> <!-- main-panel-content rounded-window-bottom -->
          </div> <!-- suite-CrossbrowserTesting_suite-class-passed -->
        </div> <!-- panel CrossbrowserTesting_suite -->
        <div panel-name="test-xml-CrossbrowserTesting_suite" class="panel">
          <div class="main-panel-header rounded-window-top">
            <span class="header-content">D:\SampleProject\SeleniumBatch2\ParallelTests.xml</span>
          </div> <!-- main-panel-header rounded-window-top -->
          <div class="main-panel-content rounded-window-bottom">
            <pre>
&lt;?xml version=&quot;1.0&quot; encoding=&quot;UTF-8&quot;?&gt;
&lt;!DOCTYPE suite SYSTEM &quot;https://testng.org/testng-1.0.dtd&quot;&gt;
&lt;suite guice-stage=&quot;DEVELOPMENT&quot; name=&quot;CrossbrowserTesting suite&quot; parallel=&quot;tests&quot;&gt;
  &lt;test thread-count=&quot;5&quot; name=&quot;Chrome test&quot; parallel=&quot;tests&quot;&gt;
    &lt;parameter name=&quot;browser&quot; value=&quot;Chrome&quot;/&gt;
    &lt;classes&gt;
      &lt;class name=&quot;testNG_Parallel.FirstTestNGProg&quot;/&gt;
      &lt;class name=&quot;testNG_Parallel.DataProviderTest&quot;/&gt;
      &lt;class name=&quot;testNG_Parallel.DataDrivenTesting&quot;/&gt;
    &lt;/classes&gt;
  &lt;/test&gt; &lt;!-- Chrome test --&gt;
  &lt;test thread-count=&quot;5&quot; name=&quot;Firefox test&quot; parallel=&quot;tests&quot;&gt;
    &lt;parameter name=&quot;browser&quot; value=&quot;Firefox&quot;/&gt;
    &lt;classes&gt;
      &lt;class name=&quot;testNG_Parallel.FirstTestNGProg&quot;/&gt;
      &lt;class name=&quot;testNG_Parallel.DataProviderTest&quot;/&gt;
      &lt;class name=&quot;testNG_Parallel.DataDrivenTesting&quot;/&gt;
    &lt;/classes&gt;
  &lt;/test&gt; &lt;!-- Firefox test --&gt;
  &lt;test thread-count=&quot;5&quot; name=&quot;Edge test&quot; parallel=&quot;tests&quot;&gt;
    &lt;parameter name=&quot;browser&quot; value=&quot;Edge&quot;/&gt;
    &lt;classes&gt;
      &lt;class name=&quot;testNG_Parallel.FirstTestNGProg&quot;/&gt;
      &lt;class name=&quot;testNG_Parallel.DataProviderTest&quot;/&gt;
      &lt;class name=&quot;testNG_Parallel.DataDrivenTesting&quot;/&gt;
    &lt;/classes&gt;
  &lt;/test&gt; &lt;!-- Edge test --&gt;
&lt;/suite&gt; &lt;!-- CrossbrowserTesting suite --&gt;
            </pre>
          </div> <!-- main-panel-content rounded-window-bottom -->
        </div> <!-- panel -->
        <div panel-name="testlist-CrossbrowserTesting_suite" class="panel">
          <div class="main-panel-header rounded-window-top">
            <span class="header-content">Tests for CrossbrowserTesting suite</span>
          </div> <!-- main-panel-header rounded-window-top -->
          <div class="main-panel-content rounded-window-bottom">
            <ul>
              <li>
                <span class="test-name">Chrome test (3 classes)</span>
              </li>
              <li>
                <span class="test-name">Firefox test (3 classes)</span>
              </li>
              <li>
                <span class="test-name">Edge test (3 classes)</span>
              </li>
            </ul>
          </div> <!-- main-panel-content rounded-window-bottom -->
        </div> <!-- panel -->
        <div panel-name="group-CrossbrowserTesting_suite" class="panel">
          <div class="main-panel-header rounded-window-top">
            <span class="header-content">Groups for CrossbrowserTesting suite</span>
          </div> <!-- main-panel-header rounded-window-top -->
          <div class="main-panel-content rounded-window-bottom">
          </div> <!-- main-panel-content rounded-window-bottom -->
        </div> <!-- panel -->
        <div panel-name="times-CrossbrowserTesting_suite" class="panel">
          <div class="main-panel-header rounded-window-top">
            <span class="header-content">Times for CrossbrowserTesting suite</span>
          </div> <!-- main-panel-header rounded-window-top -->
          <div class="main-panel-content rounded-window-bottom">
            <div class="times-div">
              <script type="text/javascript">
suiteTableInitFunctions.push('tableData_CrossbrowserTesting_suite');
function tableData_CrossbrowserTesting_suite() {
var data = new google.visualization.DataTable();
data.addColumn('number', 'Number');
data.addColumn('string', 'Method');
data.addColumn('string', 'Class');
data.addColumn('number', 'Time (ms)');
data.addRows(15);
data.setCell(0, 0, 0)
data.setCell(0, 1, 'DataDrivenTestingExample')
data.setCell(0, 2, 'testNG_Parallel.DataDrivenTesting')
data.setCell(0, 3, 67575);
data.setCell(1, 0, 1)
data.setCell(1, 1, 'DataDrivenTestingExample')
data.setCell(1, 2, 'testNG_Parallel.DataDrivenTesting')
data.setCell(1, 3, 66322);
data.setCell(2, 0, 2)
data.setCell(2, 1, 'Linkedin_test')
data.setCell(2, 2, 'testNG_Parallel.FirstTestNGProg')
data.setCell(2, 3, 44209);
data.setCell(3, 0, 3)
data.setCell(3, 1, 'Dataprovider_Test')
data.setCell(3, 2, 'testNG_Parallel.DataProviderTest')
data.setCell(3, 3, 40964);
data.setCell(4, 0, 4)
data.setCell(4, 1, 'Dataprovider_Test')
data.setCell(4, 2, 'testNG_Parallel.DataProviderTest')
data.setCell(4, 3, 28161);
data.setCell(5, 0, 5)
data.setCell(5, 1, 'Dataprovider_Test')
data.setCell(5, 2, 'testNG_Parallel.DataProviderTest')
data.setCell(5, 3, 27785);
data.setCell(6, 0, 6)
data.setCell(6, 1, 'Dataprovider_Test')
data.setCell(6, 2, 'testNG_Parallel.DataProviderTest')
data.setCell(6, 3, 24029);
data.setCell(7, 0, 7)
data.setCell(7, 1, 'Dataprovider_Test')
data.setCell(7, 2, 'testNG_Parallel.DataProviderTest')
data.setCell(7, 3, 22051);
data.setCell(8, 0, 8)
data.setCell(8, 1, 'Dataprovider_Test')
data.setCell(8, 2, 'testNG_Parallel.DataProviderTest')
data.setCell(8, 3, 20872);
data.setCell(9, 0, 9)
data.setCell(9, 1, 'Dataprovider_Test')
data.setCell(9, 2, 'testNG_Parallel.DataProviderTest')
data.setCell(9, 3, 19285);
data.setCell(10, 0, 10)
data.setCell(10, 1, 'DataDrivenTestingExample')
data.setCell(10, 2, 'testNG_Parallel.DataDrivenTesting')
data.setCell(10, 3, 14015);
data.setCell(11, 0, 11)
data.setCell(11, 1, 'Linkedin_test')
data.setCell(11, 2, 'testNG_Parallel.FirstTestNGProg')
data.setCell(11, 3, 12);
data.setCell(12, 0, 12)
data.setCell(12, 1, 'Linkedin_test')
data.setCell(12, 2, 'testNG_Parallel.FirstTestNGProg')
data.setCell(12, 3, 8);
data.setCell(13, 0, 13)
data.setCell(13, 1, 'Dataprovider_Test')
data.setCell(13, 2, 'testNG_Parallel.DataProviderTest')
data.setCell(13, 3, 3);
data.setCell(14, 0, 14)
data.setCell(14, 1, 'Dataprovider_Test')
data.setCell(14, 2, 'testNG_Parallel.DataProviderTest')
data.setCell(14, 3, 2);
window.suiteTableData['CrossbrowserTesting_suite']= { tableData: data, tableDiv: 'times-div-CrossbrowserTesting_suite'}
return data;
}
              </script>
              <span class="suite-total-time">Total running time: 2 minutes</span>
              <div id="times-div-CrossbrowserTesting_suite">
              </div> <!-- times-div-CrossbrowserTesting_suite -->
            </div> <!-- times-div -->
          </div> <!-- main-panel-content rounded-window-bottom -->
        </div> <!-- panel -->
        <div panel-name="reporter-CrossbrowserTesting_suite" class="panel">
          <div class="main-panel-header rounded-window-top">
            <span class="header-content">Reporter output for CrossbrowserTesting suite</span>
          </div> <!-- main-panel-header rounded-window-top -->
          <div class="main-panel-content rounded-window-bottom">
          </div> <!-- main-panel-content rounded-window-bottom -->
        </div> <!-- panel -->
        <div panel-name="ignored-methods-CrossbrowserTesting_suite" class="panel">
          <div class="main-panel-header rounded-window-top">
            <span class="header-content">12 ignored methods</span>
          </div> <!-- main-panel-header rounded-window-top -->
          <div class="main-panel-content rounded-window-bottom">
            <div class="ignored-class-div">
              <span class="ignored-class-name">testNG_Parallel.DataProviderTest</span>
              <div class="ignored-methods-div">
                <span class="ignored-method-name">afterTest</span>
                <br/>
                <span class="ignored-method-name">afterTest</span>
                <br/>
                <span class="ignored-method-name">afterTest</span>
                <br/>
                <span class="ignored-method-name">beforeTest</span>
                <br/>
                <span class="ignored-method-name">beforeTest</span>
                <br/>
                <span class="ignored-method-name">beforeTest</span>
                <br/>
              </div> <!-- ignored-methods-div -->
            </div> <!-- ignored-class-div -->
            <div class="ignored-class-div">
              <span class="ignored-class-name">testNG_Parallel.DataDrivenTesting</span>
              <div class="ignored-methods-div">
                <span class="ignored-method-name">afterTest</span>
                <br/>
                <span class="ignored-method-name">afterTest</span>
                <br/>
                <span class="ignored-method-name">afterTest</span>
                <br/>
                <span class="ignored-method-name">beforeTest</span>
                <br/>
                <span class="ignored-method-name">beforeTest</span>
                <br/>
                <span class="ignored-method-name">beforeTest</span>
                <br/>
              </div> <!-- ignored-methods-div -->
            </div> <!-- ignored-class-div -->
          </div> <!-- main-panel-content rounded-window-bottom -->
        </div> <!-- panel -->
        <div panel-name="chronological-CrossbrowserTesting_suite" class="panel">
          <div class="main-panel-header rounded-window-top">
            <span class="header-content">Methods in chronological order</span>
          </div> <!-- main-panel-header rounded-window-top -->
          <div class="main-panel-content rounded-window-bottom">
            <div class="chronological-class">
              <div class="chronological-class-name">testNG_Parallel.FirstTestNGProg</div> <!-- chronological-class-name -->
              <div class="configuration-test before">
                <span class="method-name">beforeTest(Firefox)</span>
                <span class="method-start">0 ms</span>
              </div> <!-- configuration-test before -->
              <div class="configuration-test before">
                <span class="method-name">beforeTest(Chrome)</span>
                <span class="method-start">0 ms</span>
              </div> <!-- configuration-test before -->
              <div class="configuration-test before">
                <span class="method-name">beforeTest(Edge)</span>
                <span class="method-start">0 ms</span>
              </div> <!-- configuration-test before -->
            </div> <!-- chronological-class -->
            <div class="chronological-class">
              <div class="chronological-class-name">testNG_Parallel.DataDrivenTesting</div> <!-- chronological-class-name -->
              <div class="test-method">
                <img src="failed.png">
                </img>
                <span class="method-name">DataDrivenTestingExample</span>
                <span class="method-start">5458 ms</span>
              </div> <!-- test-method -->
              <div class="test-method">
                <span class="method-name">DataDrivenTestingExample</span>
                <span class="method-start">5473 ms</span>
              </div> <!-- test-method -->
              <div class="test-method">
                <span class="method-name">DataDrivenTestingExample</span>
                <span class="method-start">13568 ms</span>
              </div> <!-- test-method -->
            </div> <!-- chronological-class -->
            <div class="chronological-class">
              <div class="chronological-class-name">testNG_Parallel.DataProviderTest</div> <!-- chronological-class-name -->
              <div class="test-method">
                <span class="method-name">Dataprovider_Test(Guru99, India)</span>
                <span class="method-start">19497 ms</span>
              </div> <!-- test-method -->
              <div class="test-method">
                <span class="method-name">Dataprovider_Test(Krishna, UK)</span>
                <span class="method-start">41555 ms</span>
              </div> <!-- test-method -->
              <div class="test-method">
                <span class="method-name">Dataprovider_Test(Bhupesh, USA)</span>
                <span class="method-start">60845 ms</span>
              </div> <!-- test-method -->
              <div class="test-method">
                <span class="method-name">Dataprovider_Test(Guru99, India)</span>
                <span class="method-start">73092 ms</span>
              </div> <!-- test-method -->
              <div class="test-method">
                <img src="failed.png">
                </img>
                <span class="method-name">Dataprovider_Test(Guru99, India)</span>
                <span class="method-start">79892 ms</span>
              </div> <!-- test-method -->
            </div> <!-- chronological-class -->
            <div class="chronological-class">
              <div class="chronological-class-name">testNG_Parallel.FirstTestNGProg</div> <!-- chronological-class-name -->
              <div class="test-method">
                <img src="failed.png">
                </img>
                <span class="method-name">Linkedin_test</span>
                <span class="method-start">84881 ms</span>
              </div> <!-- test-method -->
            </div> <!-- chronological-class -->
            <div class="chronological-class">
              <div class="chronological-class-name">testNG_Parallel.DataProviderTest</div> <!-- chronological-class-name -->
              <div class="test-method">
                <img src="failed.png">
                </img>
                <span class="method-name">Dataprovider_Test(Krishna, UK)</span>
                <span class="method-start">108060 ms</span>
              </div> <!-- test-method -->
              <div class="test-method">
                <img src="failed.png">
                </img>
                <span class="method-name">Dataprovider_Test(Krishna, UK)</span>
                <span class="method-start">114060 ms</span>
              </div> <!-- test-method -->
            </div> <!-- chronological-class -->
            <div class="chronological-class">
              <div class="chronological-class-name">testNG_Parallel.FirstTestNGProg</div> <!-- chronological-class-name -->
              <div class="configuration-test after">
                <span class="method-name">afterTest</span>
                <span class="method-start">129098 ms</span>
              </div> <!-- configuration-test after -->
            </div> <!-- chronological-class -->
            <div class="chronological-class">
              <div class="chronological-class-name">testNG_Parallel.DataProviderTest</div> <!-- chronological-class-name -->
              <div class="test-method">
                <img src="failed.png">
                </img>
                <span class="method-name">Dataprovider_Test(Bhupesh, USA)</span>
                <span class="method-start">134943 ms</span>
              </div> <!-- test-method -->
            </div> <!-- chronological-class -->
            <div class="chronological-class">
              <div class="chronological-class-name">testNG_Parallel.FirstTestNGProg</div> <!-- chronological-class-name -->
              <div class="test-method">
                <img src="failed.png">
                </img>
                <span class="method-name">Linkedin_test</span>
                <span class="method-start">134953 ms</span>
              </div> <!-- test-method -->
              <div class="configuration-test after">
                <span class="method-name">afterTest</span>
                <span class="method-start">134974 ms</span>
              </div> <!-- configuration-test after -->
            </div> <!-- chronological-class -->
            <div class="chronological-class">
              <div class="chronological-class-name">testNG_Parallel.DataProviderTest</div> <!-- chronological-class-name -->
              <div class="test-method">
                <img src="failed.png">
                </img>
                <span class="method-name">Dataprovider_Test(Bhupesh, USA)</span>
                <span class="method-start">135849 ms</span>
              </div> <!-- test-method -->
            </div> <!-- chronological-class -->
            <div class="chronological-class">
              <div class="chronological-class-name">testNG_Parallel.FirstTestNGProg</div> <!-- chronological-class-name -->
              <div class="test-method">
                <img src="failed.png">
                </img>
                <span class="method-name">Linkedin_test</span>
                <span class="method-start">135864 ms</span>
              </div> <!-- test-method -->
              <div class="configuration-test after">
                <span class="method-name">afterTest</span>
                <span class="method-start">135884 ms</span>
              </div> <!-- configuration-test after -->
          </div> <!-- main-panel-content rounded-window-bottom -->
        </div> <!-- panel -->
      </div> <!-- main-panel-root -->
    </div> <!-- wrapper -->
  </body>
<script type="text/javascript" src="testng-reports2.js"></script>
</html>
